desc: --massif-out-file=massif.out
cmd: ./stockfish
time_unit: i
#-----------
snapshot=0
#-----------
time=0
mem_heap_B=0
mem_heap_extra_B=0
mem_stacks_B=0
heap_tree=empty
#-----------
snapshot=1
#-----------
time=2297956
mem_heap_B=72704
mem_heap_extra_B=8
mem_stacks_B=0
heap_tree=empty
#-----------
snapshot=2
#-----------
time=2418006
mem_heap_B=72752
mem_heap_extra_B=16
mem_stacks_B=0
heap_tree=empty
#-----------
snapshot=3
#-----------
time=2445300
mem_heap_B=73265
mem_heap_extra_B=39
mem_stacks_B=0
heap_tree=empty
#-----------
snapshot=4
#-----------
time=2456675
mem_heap_B=76866
mem_heap_extra_B=38
mem_stacks_B=0
heap_tree=empty
#-----------
snapshot=5
#-----------
time=2470391
mem_heap_B=77168
mem_heap_extra_B=48
mem_stacks_B=0
heap_tree=empty
#-----------
snapshot=6
#-----------
time=2479011
mem_heap_B=77720
mem_heap_extra_B=96
mem_stacks_B=0
heap_tree=empty
#-----------
snapshot=7
#-----------
time=2491229
mem_heap_B=79214
mem_heap_extra_B=258
mem_stacks_B=0
heap_tree=empty
#-----------
snapshot=8
#-----------
time=422587017
mem_heap_B=4011374
mem_heap_extra_B=266
mem_stacks_B=0
heap_tree=empty
#-----------
snapshot=9
#-----------
time=596897915
mem_heap_B=4011374
mem_heap_extra_B=266
mem_stacks_B=0
heap_tree=peak
n3: 4011374 (heap allocation functions) malloc/new/new[], --alloc-fns, etc.
 n0: 3932160 0x404E93: main (in /src/stockfish)
 n1: 72704 0x4916849: ??? (in /usr/local/lib64/libstdc++.so.6.0.29)
  n1: 72704 0x400FFE1: call_init.part.0 (dl-init.c:72)
   n1: 72704 0x40100E8: call_init (dl-init.c:30)
    n1: 72704 0x40100E8: _dl_init (dl-init.c:119)
     n0: 72704 0x40010C9: ??? (in /lib/x86_64-linux-gnu/ld-2.31.so)
 n0: 6510 in 5 places, all below massif's threshold (1.00%)
#-----------
snapshot=10
#-----------
time=596897915
mem_heap_B=79214
mem_heap_extra_B=258
mem_stacks_B=0
heap_tree=empty
#-----------
snapshot=11
#-----------
time=599547519
mem_heap_B=89982
mem_heap_extra_B=266
mem_stacks_B=0
heap_tree=empty
#-----------
snapshot=12
#-----------
time=599548592
mem_heap_B=2187134
mem_heap_extra_B=274
mem_stacks_B=0
heap_tree=empty
#-----------
snapshot=13
#-----------
time=600203994
mem_heap_B=2580350
mem_heap_extra_B=282
mem_stacks_B=0
heap_tree=empty
#-----------
snapshot=14
#-----------
time=600367981
mem_heap_B=2580366
mem_heap_extra_B=290
mem_stacks_B=0
heap_tree=empty
#-----------
snapshot=15
#-----------
time=600385460
mem_heap_B=2580427
mem_heap_extra_B=309
mem_stacks_B=0
heap_tree=empty
#-----------
snapshot=16
#-----------
time=600401851
mem_heap_B=2580397
mem_heap_extra_B=299
mem_stacks_B=0
heap_tree=empty
#-----------
snapshot=17
#-----------
time=600419060
mem_heap_B=2580525
mem_heap_extra_B=331
mem_stacks_B=0
heap_tree=detailed
n4: 2580525 (heap allocation functions) malloc/new/new[], --alloc-fns, etc.
 n1: 2097152 0x41321E: Thread::Thread() (in /src/stockfish)
  n0: 2097152 0x405472: main (in /src/stockfish)
 n1: 393216 0x413291: Thread::Thread() (in /src/stockfish)
  n0: 393216 0x405472: main (in /src/stockfish)
 n1: 72704 0x4916849: ??? (in /usr/local/lib64/libstdc++.so.6.0.29)
  n1: 72704 0x400FFE1: call_init.part.0 (dl-init.c:72)
   n1: 72704 0x40100E8: call_init (dl-init.c:30)
    n1: 72704 0x40100E8: _dl_init (dl-init.c:119)
     n0: 72704 0x40010C9: ??? (in /lib/x86_64-linux-gnu/ld-2.31.so)
 n0: 17453 in 12 places, all below massif's threshold (1.00%)
#-----------
snapshot=18
#-----------
time=600439127
mem_heap_B=2580748
mem_heap_extra_B=388
mem_stacks_B=0
heap_tree=empty
#-----------
snapshot=19
#-----------
time=600456794
mem_heap_B=2580876
mem_heap_extra_B=420
mem_stacks_B=0
heap_tree=empty
#-----------
snapshot=20
#-----------
time=600474449
mem_heap_B=2581004
mem_heap_extra_B=452
mem_stacks_B=0
heap_tree=empty
#-----------
snapshot=21
#-----------
time=600483397
mem_heap_B=2581068
mem_heap_extra_B=468
mem_stacks_B=0
heap_tree=empty
#-----------
snapshot=22
#-----------
time=600501091
mem_heap_B=2581196
mem_heap_extra_B=500
mem_stacks_B=0
heap_tree=empty
#-----------
snapshot=23
#-----------
time=600509930
mem_heap_B=2581260
mem_heap_extra_B=516
mem_stacks_B=0
heap_tree=empty
#-----------
snapshot=24
#-----------
time=600527656
mem_heap_B=2581388
mem_heap_extra_B=548
mem_stacks_B=0
heap_tree=empty
#-----------
snapshot=25
#-----------
time=600545188
mem_heap_B=2581516
mem_heap_extra_B=580
mem_stacks_B=0
heap_tree=empty
#-----------
snapshot=26
#-----------
time=600562054
mem_heap_B=2581674
mem_heap_extra_B=614
mem_stacks_B=0
heap_tree=empty
#-----------
snapshot=27
#-----------
time=600572664
mem_heap_B=2581739
mem_heap_extra_B=629
mem_stacks_B=0
heap_tree=empty
#-----------
snapshot=28
#-----------
time=600591133
mem_heap_B=2581867
mem_heap_extra_B=661
mem_stacks_B=0
heap_tree=empty
#-----------
snapshot=29
#-----------
time=600609625
mem_heap_B=2581995
mem_heap_extra_B=693
mem_stacks_B=0
heap_tree=empty
#-----------
snapshot=30
#-----------
time=600628188
mem_heap_B=2582123
mem_heap_extra_B=725
mem_stacks_B=0
heap_tree=empty
#-----------
snapshot=31
#-----------
time=600646811
mem_heap_B=2582252
mem_heap_extra_B=772
mem_stacks_B=0
heap_tree=empty
#-----------
snapshot=32
#-----------
time=600665927
mem_heap_B=2582381
mem_heap_extra_B=803
mem_stacks_B=0
heap_tree=empty
#-----------
snapshot=33
#-----------
time=600675760
mem_heap_B=2582445
mem_heap_extra_B=819
mem_stacks_B=0
heap_tree=empty
#-----------
snapshot=34
#-----------
time=600692368
mem_heap_B=2582718
mem_heap_extra_B=810
mem_stacks_B=0
heap_tree=empty
#-----------
snapshot=35
#-----------
time=600711590
mem_heap_B=3107191
mem_heap_extra_B=865
mem_stacks_B=0
heap_tree=detailed
n5: 3107191 (heap allocation functions) malloc/new/new[], --alloc-fns, etc.
 n1: 2097152 0x41321E: Thread::Thread() (in /src/stockfish)
  n0: 2097152 0x405472: main (in /src/stockfish)
 n1: 524351 0x41CCD3: TranspositionTable::resize(unsigned long) [clone .constprop.0] (in /src/stockfish)
  n0: 524351 0x4054B6: main (in /src/stockfish)
 n1: 393216 0x413291: Thread::Thread() (in /src/stockfish)
  n0: 393216 0x405472: main (in /src/stockfish)
 n1: 72704 0x4916849: ??? (in /usr/local/lib64/libstdc++.so.6.0.29)
  n1: 72704 0x400FFE1: call_init.part.0 (dl-init.c:72)
   n1: 72704 0x40100E8: call_init (dl-init.c:30)
    n1: 72704 0x40100E8: _dl_init (dl-init.c:119)
     n0: 72704 0x40010C9: ??? (in /lib/x86_64-linux-gnu/ld-2.31.so)
 n0: 19768 in 45 places, all below massif's threshold (1.00%)
#-----------
snapshot=36
#-----------
time=600725713
mem_heap_B=3107134
mem_heap_extra_B=850
mem_stacks_B=0
heap_tree=empty
#-----------
snapshot=37
#-----------
time=600737997
mem_heap_B=3111221
mem_heap_extra_B=851
mem_stacks_B=0
heap_tree=empty
#-----------
snapshot=38
#-----------
time=600746114
mem_heap_B=3111246
mem_heap_extra_B=858
mem_stacks_B=0
heap_tree=empty
#-----------
snapshot=39
#-----------
time=600786394
mem_heap_B=3111173
mem_heap_extra_B=843
mem_stacks_B=0
heap_tree=empty
#-----------
snapshot=40
#-----------
time=600802065
mem_heap_B=3111204
mem_heap_extra_B=852
mem_stacks_B=0
heap_tree=empty
#-----------
snapshot=41
#-----------
time=600820374
mem_heap_B=3111204
mem_heap_extra_B=852
mem_stacks_B=0
heap_tree=empty
#-----------
snapshot=42
#-----------
time=602415022
mem_heap_B=3111265
mem_heap_extra_B=863
mem_stacks_B=0
heap_tree=empty
#-----------
snapshot=43
#-----------
time=602422164
mem_heap_B=3111355
mem_heap_extra_B=869
mem_stacks_B=0
heap_tree=empty
#-----------
snapshot=44
#-----------
time=602436689
mem_heap_B=3111555
mem_heap_extra_B=917
mem_stacks_B=0
heap_tree=empty
#-----------
snapshot=45
#-----------
time=602450793
mem_heap_B=3111497
mem_heap_extra_B=903
mem_stacks_B=0
heap_tree=empty
#-----------
snapshot=46
#-----------
time=602465112
mem_heap_B=3112058
mem_heap_extra_B=966
mem_stacks_B=0
heap_tree=empty
#-----------
snapshot=47
#-----------
time=602477249
mem_heap_B=3113022
mem_heap_extra_B=1306
mem_stacks_B=0
heap_tree=empty
#-----------
snapshot=48
#-----------
time=603163180
mem_heap_B=3112901
mem_heap_extra_B=1291
mem_stacks_B=0
heap_tree=empty
#-----------
snapshot=49
#-----------
time=603172178
mem_heap_B=3110101
mem_heap_extra_B=443
mem_stacks_B=0
heap_tree=empty
#-----------
snapshot=50
#-----------
time=603172245
mem_heap_B=3110085
mem_heap_extra_B=435
mem_stacks_B=0
heap_tree=empty
#-----------
snapshot=51
#-----------
time=603172273
mem_heap_B=3110037
mem_heap_extra_B=427
mem_stacks_B=0
heap_tree=empty
#-----------
snapshot=52
#-----------
time=603172316
mem_heap_B=3110021
mem_heap_extra_B=419
mem_stacks_B=0
heap_tree=empty
#-----------
snapshot=53
#-----------
time=603172344
mem_heap_B=3109973
mem_heap_extra_B=411
mem_stacks_B=0
heap_tree=empty
#-----------
snapshot=54
#-----------
time=603172395
mem_heap_B=3109957
mem_heap_extra_B=403
mem_stacks_B=0
heap_tree=empty
#-----------
snapshot=55
#-----------
time=603172423
mem_heap_B=3109909
mem_heap_extra_B=395
mem_stacks_B=0
heap_tree=empty
#-----------
snapshot=56
#-----------
time=603172466
mem_heap_B=3109893
mem_heap_extra_B=387
mem_stacks_B=0
heap_tree=detailed
n5: 3109893 (heap allocation functions) malloc/new/new[], --alloc-fns, etc.
 n1: 2097152 0x41321E: Thread::Thread() (in /src/stockfish)
  n0: 2097152 0x405472: main (in /src/stockfish)
 n1: 524351 0x41CCD3: TranspositionTable::resize(unsigned long) [clone .constprop.0] (in /src/stockfish)
  n0: 524351 0x4054B6: main (in /src/stockfish)
 n1: 393216 0x413291: Thread::Thread() (in /src/stockfish)
  n0: 393216 0x405472: main (in /src/stockfish)
 n1: 72704 0x4916849: ??? (in /usr/local/lib64/libstdc++.so.6.0.29)
  n1: 72704 0x400FFE1: call_init.part.0 (dl-init.c:72)
   n1: 72704 0x40100E8: call_init (dl-init.c:30)
    n1: 72704 0x40100E8: _dl_init (dl-init.c:119)
     n0: 72704 0x40010C9: ??? (in /lib/x86_64-linux-gnu/ld-2.31.so)
 n0: 22470 in 51 places, all below massif's threshold (1.00%)
#-----------
snapshot=57
#-----------
time=603172494
mem_heap_B=3109845
mem_heap_extra_B=379
mem_stacks_B=0
heap_tree=empty
#-----------
snapshot=58
#-----------
time=603172553
mem_heap_B=3109829
mem_heap_extra_B=371
mem_stacks_B=0
heap_tree=empty
#-----------
snapshot=59
#-----------
time=603172581
mem_heap_B=3109781
mem_heap_extra_B=363
mem_stacks_B=0
heap_tree=empty
#-----------
snapshot=60
#-----------
time=603172624
mem_heap_B=3109765
mem_heap_extra_B=355
mem_stacks_B=0
heap_tree=empty
#-----------
snapshot=61
#-----------
time=603172652
mem_heap_B=3109717
mem_heap_extra_B=347
mem_stacks_B=0
heap_tree=empty
#-----------
snapshot=62
#-----------
time=603172690
mem_heap_B=2716501
mem_heap_extra_B=339
mem_stacks_B=0
heap_tree=empty
#-----------
snapshot=63
#-----------
time=603172720
mem_heap_B=619349
mem_heap_extra_B=331
mem_stacks_B=0
heap_tree=empty
#-----------
snapshot=64
#-----------
time=603174729
mem_heap_B=608581
mem_heap_extra_B=323
mem_stacks_B=0
heap_tree=empty
#-----------
snapshot=65
#-----------
time=603177570
mem_heap_B=608101
mem_heap_extra_B=315
mem_stacks_B=0
heap_tree=empty
#-----------
snapshot=66
#-----------
time=603177604
mem_heap_B=608037
mem_heap_extra_B=307
mem_stacks_B=0
heap_tree=detailed
n4: 608037 (heap allocation functions) malloc/new/new[], --alloc-fns, etc.
 n1: 524351 0x41CCD3: TranspositionTable::resize(unsigned long) [clone .constprop.0] (in /src/stockfish)
  n0: 524351 0x4054B6: main (in /src/stockfish)
 n1: 72704 0x4916849: ??? (in /usr/local/lib64/libstdc++.so.6.0.29)
  n1: 72704 0x400FFE1: call_init.part.0 (dl-init.c:72)
   n1: 72704 0x40100E8: call_init (dl-init.c:30)
    n1: 72704 0x40100E8: _dl_init (dl-init.c:119)
     n0: 72704 0x40010C9: ??? (in /lib/x86_64-linux-gnu/ld-2.31.so)
 n1: 8192 0x4C4DE2B: _IO_file_doallocate (filedoalloc.c:101)
  n1: 8192 0x4C5C73F: _IO_doallocbuf (genops.c:347)
   n1: 8192 0x4C5C73F: _IO_doallocbuf (genops.c:342)
    n0: 8192 in 2 places, all below massif's threshold (1.00%)
 n0: 2790 in 52 places, all below massif's threshold (1.00%)
#-----------
snapshot=67
#-----------
time=603177633
mem_heap_B=607957
mem_heap_extra_B=299
mem_stacks_B=0
heap_tree=empty
#-----------
snapshot=68
#-----------
time=603177792
mem_heap_B=607949
mem_heap_extra_B=283
mem_stacks_B=0
heap_tree=empty
#-----------
snapshot=69
#-----------
time=603177858
mem_heap_B=83598
mem_heap_extra_B=274
mem_stacks_B=0
heap_tree=empty
#-----------
snapshot=70
#-----------
time=603179736
mem_heap_B=83414
mem_heap_extra_B=258
mem_stacks_B=0
heap_tree=empty
#-----------
snapshot=71
#-----------
time=603179823
mem_heap_B=83230
mem_heap_extra_B=242
mem_stacks_B=0
heap_tree=empty
#-----------
snapshot=72
#-----------
time=603179901
mem_heap_B=83046
mem_heap_extra_B=226
mem_stacks_B=0
heap_tree=empty
#-----------
snapshot=73
#-----------
time=603179997
mem_heap_B=82862
mem_heap_extra_B=210
mem_stacks_B=0
heap_tree=empty
#-----------
snapshot=74
#-----------
time=603180075
mem_heap_B=82678
mem_heap_extra_B=194
mem_stacks_B=0
heap_tree=empty
#-----------
snapshot=75
#-----------
time=603180162
mem_heap_B=82494
mem_heap_extra_B=178
mem_stacks_B=0
heap_tree=empty
#-----------
snapshot=76
#-----------
time=603180249
mem_heap_B=82310
mem_heap_extra_B=162
mem_stacks_B=0
heap_tree=detailed
n4: 82310 (heap allocation functions) malloc/new/new[], --alloc-fns, etc.
 n1: 72704 0x4916849: ??? (in /usr/local/lib64/libstdc++.so.6.0.29)
  n1: 72704 0x400FFE1: call_init.part.0 (dl-init.c:72)
   n1: 72704 0x40100E8: call_init (dl-init.c:30)
    n1: 72704 0x40100E8: _dl_init (dl-init.c:119)
     n0: 72704 0x40010C9: ??? (in /lib/x86_64-linux-gnu/ld-2.31.so)
 n1: 8192 0x4C4DE2B: _IO_file_doallocate (filedoalloc.c:101)
  n1: 8192 0x4C5C73F: _IO_doallocbuf (genops.c:347)
   n2: 8192 0x4C5C73F: _IO_doallocbuf (genops.c:342)
    n1: 4096 0x4C5B68B: _IO_file_underflow@@GLIBC_2.2.5 (fileops.c:486)
     n1: 4096 0x4C5C7F1: _IO_default_uflow (genops.c:362)
      n1: 4096 0x4C56C87: getc (getc.c:40)
       n1: 4096 0x4975DD0: __gnu_cxx::stdio_sync_filebuf<char, std::char_traits<char> >::underflow() (in /usr/local/lib64/libstdc++.so.6.0.29)
        n1: 4096 0x4932C39: std::basic_istream<char, std::char_traits<char> >& std::getline<char, std::char_traits<char>, std::allocator<char> >(std::basic_istream<char, std::char_traits<char> >&, std::__cxx11::basic_string<char, std::char_traits<char>, std::allocator<char> >&, char) (in /usr/local/lib64/libstdc++.so.6.0.29)
         n1: 4096 0x4198BA: UCI::loop(int, char**) (in /src/stockfish)
          n0: 4096 0x4054CE: main (in /src/stockfish)
    n1: 4096 0x4C5B8E7: _IO_file_overflow@@GLIBC_2.2.5 (fileops.c:745)
     n1: 4096 0x4C5A9CD: _IO_new_file_xsputn (fileops.c:1244)
      n1: 4096 0x4C5A9CD: _IO_file_xsputn@@GLIBC_2.2.5 (fileops.c:1197)
       n1: 4096 0x4C4F2AC: fwrite (iofwrite.c:39)
        n1: 4096 0x499E1A3: std::basic_ostream<char, std::char_traits<char> >& std::__ostream_insert<char, std::char_traits<char> >(std::basic_ostream<char, std::char_traits<char> >&, char const*, long) (in /usr/local/lib64/libstdc++.so.6.0.29)
         n0: 4096 0x4047B5: main (in /src/stockfish)
 n1: 1104 0x41ED86: std::map<std::__cxx11::basic_string<char, std::char_traits<char>, std::allocator<char> >, UCI::Option, UCI::CaseInsensitiveLess, std::allocator<std::pair<std::__cxx11::basic_string<char, std::char_traits<char>, std::allocator<char> > const, UCI::Option> > >::operator[](std::__cxx11::basic_string<char, std::char_traits<char>, std::allocator<char> >&&) [clone .constprop.0] (in /src/stockfish)
  n0: 1104 in 13 places, all below massif's threshold (1.00%)
 n0: 310 in 52 places, all below massif's threshold (1.00%)
#-----------
snapshot=77
#-----------
time=603180327
mem_heap_B=82126
mem_heap_extra_B=146
mem_stacks_B=0
heap_tree=empty
#-----------
snapshot=78
#-----------
time=603180432
mem_heap_B=81942
mem_heap_extra_B=130
mem_stacks_B=0
heap_tree=empty
#-----------
snapshot=79
#-----------
time=603180508
mem_heap_B=81920
mem_heap_extra_B=96
mem_stacks_B=0
heap_tree=empty
#-----------
snapshot=80
#-----------
time=603180537
mem_heap_B=81736
mem_heap_extra_B=80
mem_stacks_B=0
heap_tree=empty
#-----------
snapshot=81
#-----------
time=603180624
mem_heap_B=81552
mem_heap_extra_B=64
mem_stacks_B=0
heap_tree=empty
#-----------
snapshot=82
#-----------
time=603180702
mem_heap_B=81368
mem_heap_extra_B=48
mem_stacks_B=0
heap_tree=empty
#-----------
snapshot=83
#-----------
time=603180789
mem_heap_B=81184
mem_heap_extra_B=32
mem_stacks_B=0
heap_tree=empty
#-----------
snapshot=84
#-----------
time=603186765
mem_heap_B=8480
mem_heap_extra_B=24
mem_stacks_B=0
heap_tree=empty
#-----------
snapshot=85
#-----------
time=603188398
mem_heap_B=4384
mem_heap_extra_B=16
mem_stacks_B=0
heap_tree=empty
#-----------
snapshot=86
#-----------
time=603188430
mem_heap_B=288
mem_heap_extra_B=8
mem_stacks_B=0
heap_tree=detailed
n2: 288 (heap allocation functions) malloc/new/new[], --alloc-fns, etc.
 n1: 288 0x4012D16: allocate_dtv (dl-tls.c:343)
  n1: 288 0x4012D16: _dl_allocate_tls (dl-tls.c:589)
   n1: 288 0x484FB81: allocate_stack (allocatestack.c:622)
    n1: 288 0x484FB81: pthread_create@@GLIBC_2.2.5 (pthread_create.c:660)
     n1: 288 0x4944929: std::thread::_M_start_thread(std::unique_ptr<std::thread::_State, std::default_delete<std::thread::_State> >, void (*)()) (in /usr/local/lib64/libstdc++.so.6.0.29)
      n1: 288 0x4133AA: Thread::Thread() (in /src/stockfish)
       n0: 288 0x405472: main (in /src/stockfish)
 n0: 0 in 54 places, all below massif's threshold (1.00%)
#-----------
snapshot=87
#-----------
time=603190756
mem_heap_B=0
mem_heap_extra_B=0
mem_stacks_B=0
heap_tree=empty
